{
  "RSpec": {
    "coverage": {
      "/home/dmitry/Projects/qna/spec/acceptance/create_question_spec.rb": [
        1,
        null,
        1,
        null,
        null,
        null,
        null,
        null,
        2,
        null,
        1,
        1,
        null,
        1,
        1,
        1,
        1,
        1,
        null,
        1,
        null,
        null,
        1,
        1,
        1,
        null,
        null,
        1,
        null,
        null
      ],
      "/home/dmitry/Projects/qna/spec/rails_helper.rb": [
        null,
        1,
        1,
        null,
        1,
        1,
        null,
        1,
        1,
        null,
        null,
        null,
        null,
        null,
        null,
        null,
        null,
        null,
        null,
        null,
        null,
        null,
        null,
        null,
        4,
        null,
        null,
        null,
        1,
        null,
        1,
        1,
        1,
        1,
        null,
        null,
        null,
        1,
        null,
        1,
        null,
        1,
        null,
        1,
        1,
        null,
        null,
        null,
        null,
        null,
        1,
        null,
        null,
        null,
        null,
        null,
        null,
        null,
        null,
        null,
        null,
        null,
        null,
        null,
        null,
        1,
        null,
        null,
        1,
        null,
        null,
        null
      ],
      "/home/dmitry/Projects/qna/spec/support/factory_bot.rb": [
        1,
        null,
        1,
        1,
        null
      ],
      "/home/dmitry/Projects/qna/config/environment.rb": [
        null,
        1,
        null,
        null,
        1
      ],
      "/home/dmitry/Projects/qna/config/application.rb": [
        1,
        null,
        1,
        null,
        null,
        null,
        1,
        null,
        1,
        1,
        null,
        1,
        null,
        null,
        null,
        null,
        null,
        1,
        1,
        null,
        null,
        null,
        null,
        null,
        null,
        1,
        null,
        null,
        null
      ],
      "/home/dmitry/Projects/qna/config/boot.rb": [
        1,
        null,
        1,
        1
      ],
      "/home/dmitry/Projects/qna/config/environments/test.rb": [
        1,
        null,
        null,
        null,
        null,
        null,
        null,
        1,
        null,
        null,
        null,
        null,
        1,
        null,
        null,
        1,
        1,
        null,
        null,
        null,
        null,
        1,
        1,
        null,
        null,
        1,
        null,
        null,
        1,
        null,
        null,
        1,
        null,
        1,
        null,
        null,
        null,
        null,
        1,
        null,
        null,
        1,
        null,
        null,
        null,
        null
      ],
      "/home/dmitry/Projects/qna/config/initializers/application_controller_renderer.rb": [
        null,
        null,
        null,
        null,
        null,
        null,
        null,
        null
      ],
      "/home/dmitry/Projects/qna/config/initializers/assets.rb": [
        null,
        null,
        null,
        1,
        null,
        null,
        null,
        null,
        1,
        null,
        null,
        null,
        null,
        null
      ],
      "/home/dmitry/Projects/qna/config/initializers/backtrace_silencers.rb": [
        null,
        null,
        null,
        null,
        null,
        null,
        null
      ],
      "/home/dmitry/Projects/qna/config/initializers/content_security_policy.rb": [
        null,
        null,
        null,
        null,
        null,
        null,
        null,
        null,
        null,
        null,
        null,
        null,
        null,
        null,
        null,
        null,
        null,
        null,
        null,
        null,
        null,
        null,
        null,
        null,
        null
      ],
      "/home/dmitry/Projects/qna/config/initializers/cookies_serializer.rb": [
        null,
        null,
        null,
        null,
        1
      ],
      "/home/dmitry/Projects/qna/config/initializers/devise.rb": [
        null,
        null,
        null,
        null,
        1,
        null,
        null,
        null,
        null,
        null,
        null,
        null,
        null,
        null,
        null,
        null,
        null,
        null,
        null,
        null,
        1,
        null,
        null,
        null,
        null,
        null,
        null,
        null,
        null,
        null,
        null,
        null,
        1,
        null,
        null,
        null,
        null,
        null,
        null,
        null,
        null,
        null,
        null,
        null,
        null,
        null,
        null,
        null,
        null,
        null,
        null,
        null,
        null,
        null,
        1,
        null,
        null,
        null,
        null,
        1,
        null,
        null,
        null,
        null,
        null,
        null,
        null,
        null,
        null,
        null,
        null,
        null,
        null,
        null,
        null,
        null,
        null,
        null,
        null,
        null,
        null,
        null,
        null,
        null,
        null,
        null,
        null,
        null,
        null,
        null,
        1,
        null,
        null,
        null,
        null,
        null,
        null,
        null,
        null,
        null,
        null,
        null,
        null,
        null,
        null,
        null,
        null,
        null,
        null,
        null,
        null,
        null,
        null,
        1,
        null,
        null,
        null,
        null,
        null,
        null,
        null,
        null,
        null,
        null,
        null,
        null,
        null,
        null,
        null,
        null,
        null,
        null,
        null,
        null,
        null,
        null,
        null,
        null,
        null,
        null,
        null,
        null,
        null,
        null,
        1,
        null,
        null,
        null,
        null,
        null,
        null,
        null,
        null,
        null,
        1,
        null,
        null,
        null,
        null,
        null,
        null,
        null,
        null,
        null,
        null,
        1,
        null,
        null,
        null,
        null,
        1,
        null,
        null,
        null,
        null,
        null,
        null,
        null,
        null,
        null,
        null,
        null,
        null,
        null,
        null,
        null,
        null,
        null,
        null,
        null,
        null,
        null,
        null,
        null,
        null,
        null,
        null,
        null,
        null,
        null,
        null,
        null,
        null,
        null,
        null,
        null,
        null,
        null,
        null,
        null,
        null,
        1,
        null,
        null,
        null,
        null,
        null,
        null,
        null,
        null,
        null,
        null,
        null,
        null,
        null,
        null,
        null,
        null,
        null,
        null,
        null,
        null,
        null,
        null,
        null,
        null,
        null,
        null,
        null,
        null,
        null,
        null,
        null,
        null,
        null,
        null,
        null,
        null,
        null,
        null,
        null,
        null,
        null,
        1,
        null,
        null,
        null,
        null,
        null,
        null,
        null,
        null,
        null,
        null,
        null,
        null,
        null,
        null,
        null,
        null,
        null,
        null,
        null,
        null,
        null,
        null,
        null,
        null,
        null,
        null,
        null,
        null,
        null
      ],
      "/home/dmitry/Projects/qna/config/initializers/filter_parameter_logging.rb": [
        null,
        null,
        null,
        1
      ],
      "/home/dmitry/Projects/qna/config/initializers/inflections.rb": [
        null,
        null,
        null,
        null,
        null,
        null,
        null,
        null,
        null,
        null,
        null,
        null,
        null,
        null,
        null,
        null
      ],
      "/home/dmitry/Projects/qna/config/initializers/mime_types.rb": [
        null,
        null,
        null,
        null
      ],
      "/home/dmitry/Projects/qna/config/initializers/wrap_parameters.rb": [
        null,
        null,
        null,
        null,
        null,
        null,
        1,
        2,
        null,
        null,
        null,
        null,
        null,
        null
      ],
      "/home/dmitry/Projects/qna/spec/factories/answers.rb": [
        1,
        1,
        3,
        null,
        null,
        1,
        1,
        null,
        null
      ],
      "/home/dmitry/Projects/qna/spec/factories/questions.rb": [
        1,
        1,
        1,
        1,
        null,
        null,
        1,
        1,
        1,
        null,
        null
      ],
      "/home/dmitry/Projects/qna/spec/factories/users.rb": [
        1,
        1,
        18,
        null,
        null,
        1,
        1,
        1,
        1,
        null,
        null
      ],
      "/home/dmitry/Projects/qna/config/routes.rb": [
        1,
        1,
        null,
        1,
        null,
        1,
        1,
        null,
        null,
        null
      ],
      "/home/dmitry/Projects/qna/app/models/user.rb": [
        1,
        null,
        null,
        1,
        null,
        null
      ],
      "/home/dmitry/Projects/qna/app/models/application_record.rb": [
        1,
        1,
        null
      ],
      "/home/dmitry/Projects/qna/app/helpers/answers_helper.rb": [
        1,
        null
      ],
      "/home/dmitry/Projects/qna/app/helpers/application_helper.rb": [
        1,
        null
      ],
      "/home/dmitry/Projects/qna/app/helpers/questions_helper.rb": [
        1,
        null
      ],
      "/home/dmitry/Projects/qna/spec/support/acceptance_macros.rb": [
        1,
        1,
        3,
        3,
        3,
        3,
        null,
        null
      ],
      "/home/dmitry/Projects/qna/spec/support/controller_macros.rb": [
        1,
        1,
        5,
        15,
        15,
        15,
        null,
        null,
        null
      ],
      "/home/dmitry/Projects/qna/spec/acceptance/user/sign_in_spec.rb": [
        1,
        null,
        1,
        null,
        null,
        null,
        null,
        null,
        2,
        null,
        1,
        1,
        null,
        1,
        1,
        null,
        null,
        null,
        1,
        1,
        1,
        1,
        1,
        null,
        1,
        1,
        null,
        null
      ],
      "/home/dmitry/Projects/qna/spec/acceptance/user/sign_out_spec.rb": [
        1,
        null,
        1,
        null,
        null,
        null,
        null,
        null,
        2,
        null,
        1,
        1,
        1,
        1,
        1,
        null,
        null
      ],
      "/home/dmitry/Projects/qna/spec/acceptance/user/sign_up_spec.rb": [
        1,
        null,
        1,
        null,
        null,
        null,
        null,
        null,
        1,
        1,
        1,
        1,
        1,
        1,
        1,
        1,
        1,
        null,
        null
      ],
      "/home/dmitry/Projects/qna/spec/controllers/answers_controller_spec.rb": [
        1,
        null,
        1,
        5,
        1,
        null,
        1,
        1,
        1,
        2,
        null,
        null,
        null,
        1,
        1,
        1,
        null,
        null,
        null,
        1,
        1,
        2,
        null,
        null,
        null,
        1,
        1,
        1,
        null,
        null,
        null,
        null
      ],
      "/home/dmitry/Projects/qna/app/controllers/answers_controller.rb": [
        1,
        1,
        null,
        1,
        4,
        null,
        4,
        2,
        null,
        2,
        2,
        null,
        null,
        null,
        1,
        null,
        1,
        4,
        null,
        null,
        1,
        4,
        null,
        null
      ],
      "/home/dmitry/Projects/qna/app/controllers/application_controller.rb": [
        1,
        null
      ],
      "/home/dmitry/Projects/qna/spec/controllers/questions_controller_spec.rb": [
        1,
        null,
        1,
        12,
        null,
        1,
        2,
        null,
        3,
        null,
        1,
        1,
        null,
        null,
        1,
        1,
        null,
        null,
        null,
        1,
        3,
        null,
        1,
        1,
        null,
        null,
        1,
        1,
        null,
        null,
        null,
        1,
        1,
        null,
        3,
        null,
        1,
        1,
        null,
        null,
        1,
        1,
        null,
        null,
        null,
        1,
        1,
        null,
        3,
        null,
        1,
        1,
        null,
        null,
        1,
        1,
        null,
        null,
        null,
        1,
        1,
        null,
        1,
        1,
        2,
        null,
        null,
        null,
        null,
        null,
        null,
        null,
        null,
        1,
        1,
        1,
        null,
        null,
        null,
        null,
        1,
        1,
        2,
        null,
        null,
        null,
        null,
        null,
        null,
        null,
        null,
        1,
        1,
        1,
        null,
        null,
        null,
        null,
        1,
        1,
        null,
        1,
        1,
        1,
        1,
        null,
        null,
        1,
        1,
        null,
        1,
        1,
        1,
        null,
        null,
        1,
        1,
        1,
        null,
        null,
        null,
        1,
        1,
        2,
        null,
        null,
        1,
        1,
        1,
        1,
        null,
        null,
        1,
        1,
        null,
        null,
        null,
        null,
        1,
        1,
        null,
        3,
        1,
        2,
        null,
        null,
        1,
        1,
        1,
        null,
        null,
        null,
        null
      ],
      "/home/dmitry/Projects/qna/app/controllers/questions_controller.rb": [
        1,
        1,
        1,
        null,
        1,
        10,
        null,
        null,
        1,
        null,
        null,
        1,
        3,
        null,
        null,
        1,
        null,
        null,
        1,
        5,
        5,
        3,
        null,
        2,
        null,
        null,
        null,
        1,
        5,
        3,
        null,
        2,
        null,
        null,
        null,
        1,
        2,
        2,
        null,
        null,
        1,
        null,
        1,
        12,
        null,
        null,
        1,
        10,
        null,
        null,
        null
      ],
      "/home/dmitry/Projects/qna/spec/models/answer_spec.rb": [
        1,
        null,
        1,
        null,
        1,
        2,
        null,
        null,
        1,
        2,
        null,
        null
      ],
      "/home/dmitry/Projects/qna/app/models/answer.rb": [
        1,
        1,
        null,
        1,
        null
      ],
      "/home/dmitry/Projects/qna/spec/models/question_spec.rb": [
        1,
        null,
        1,
        1,
        2,
        null,
        null,
        1,
        2,
        2,
        null,
        null,
        null,
        null,
        null,
        null,
        null,
        null,
        null,
        null
      ],
      "/home/dmitry/Projects/qna/app/models/question.rb": [
        1,
        1,
        null,
        1,
        null
      ],
      "/home/dmitry/Projects/qna/spec/models/user_spec.rb": [
        1,
        null,
        1,
        2,
        2,
        null
      ]
    },
    "timestamp": 1531305622
  }
}
